[debug] [2025-04-21T14:17:33.518Z] ----------------------------------------------------------------------
[debug] [2025-04-21T14:17:33.520Z] Command:       C:\Program Files\nodejs\node.exe C:\Users\islam\AppData\Roaming\npm\node_modules\firebase-tools\lib\bin\firebase.js init
[debug] [2025-04-21T14:17:33.521Z] CLI Version:   14.2.0
[debug] [2025-04-21T14:17:33.521Z] Platform:      win32
[debug] [2025-04-21T14:17:33.521Z] Node Version:  v22.14.0
[debug] [2025-04-21T14:17:33.521Z] Time:          Mon Apr 21 2025 16:17:33 GMT+0200 (Eastern European Standard Time)
[debug] [2025-04-21T14:17:33.521Z] ----------------------------------------------------------------------
[debug] 
[debug] [2025-04-21T14:17:33.526Z] > command requires scopes: ["email","openid","https://www.googleapis.com/auth/cloudplatformprojects.readonly","https://www.googleapis.com/auth/firebase","https://www.googleapis.com/auth/cloud-platform"]
[debug] [2025-04-21T14:17:33.527Z] > authorizing via signed-in user (kan3an.sy.12@gmail.com)
[info] 
     ######## #### ########  ######## ########     ###     ######  ########
     ##        ##  ##     ## ##       ##     ##  ##   ##  ##       ##
     ######    ##  ########  ######   ########  #########  ######  ######
     ##        ##  ##    ##  ##       ##     ## ##     ##       ## ##
     ##       #### ##     ## ######## ########  ##     ##  ######  ########

You're about to initialize a Firebase project in this directory:

  C:\Users\islam\Desktop\test2

[info] 
=== Project Setup
[info] 
[info] First, let's associate this project directory with a Firebase project.
[info] You can create multiple project aliases by running firebase use --add, 
[info] but for now we'll just set up a default project.
[info] 
[debug] [2025-04-21T14:17:53.414Z] Checked if tokens are valid: true, expires at: 1745248480861
[debug] [2025-04-21T14:17:53.415Z] Checked if tokens are valid: true, expires at: 1745248480861
[debug] [2025-04-21T14:17:53.420Z] >>> [apiv2][query] GET https://firebase.googleapis.com/v1beta1/projects pageSize=100
[debug] [2025-04-21T14:17:54.071Z] <<< [apiv2][status] GET https://firebase.googleapis.com/v1beta1/projects 200
[debug] [2025-04-21T14:17:54.071Z] <<< [apiv2][body] GET https://firebase.googleapis.com/v1beta1/projects [omitted]
[info] i  Using project test2-3e34a (test2) 
[info] 
=== Dataconnect Setup
[debug] [2025-04-21T14:17:55.993Z] Checked if tokens are valid: true, expires at: 1745248480861
[debug] [2025-04-21T14:17:55.993Z] Checked if tokens are valid: true, expires at: 1745248480861
[debug] [2025-04-21T14:17:55.994Z] >>> [apiv2][query] GET https://cloudbilling.googleapis.com/v1/projects/test2-3e34a/billingInfo [none]
[debug] [2025-04-21T14:17:56.374Z] <<< [apiv2][status] GET https://cloudbilling.googleapis.com/v1/projects/test2-3e34a/billingInfo 200
[debug] [2025-04-21T14:17:56.375Z] <<< [apiv2][body] GET https://cloudbilling.googleapis.com/v1/projects/test2-3e34a/billingInfo {"name":"projects/test2-3e34a/billingInfo","projectId":"test2-3e34a","billingAccountName":"","billingEnabled":false}
[info] i  dataconnect: ensuring required API sqladmin.googleapis.com is enabled... 
[debug] [2025-04-21T14:17:56.378Z] Checked if tokens are valid: true, expires at: 1745248480861
[debug] [2025-04-21T14:17:56.378Z] Checked if tokens are valid: true, expires at: 1745248480861
[debug] [2025-04-21T14:17:56.379Z] >>> [apiv2][query] GET https://serviceusage.googleapis.com/v1/projects/test2-3e34a/services/sqladmin.googleapis.com [none]
[debug] [2025-04-21T14:17:56.379Z] >>> [apiv2][(partial)header] GET https://serviceusage.googleapis.com/v1/projects/test2-3e34a/services/sqladmin.googleapis.com x-goog-quota-user=projects/test2-3e34a
[debug] [2025-04-21T14:17:57.426Z] <<< [apiv2][status] GET https://serviceusage.googleapis.com/v1/projects/test2-3e34a/services/sqladmin.googleapis.com 200
[debug] [2025-04-21T14:17:57.426Z] <<< [apiv2][body] GET https://serviceusage.googleapis.com/v1/projects/test2-3e34a/services/sqladmin.googleapis.com [omitted]
[info] +  dataconnect: required API sqladmin.googleapis.com is enabled 
[info] i  dataconnect\dataconnect.yaml is unchanged 
[info] i  dataconnect\schema\schema.gql is unchanged 
[info] i  dataconnect\connector\connector.yaml is unchanged 
[info] i  dataconnect\connector\queries.gql is unchanged 
[info] i  dataconnect\connector\mutations.gql is unchanged 
[info] +  Detected WEB app in directory C:\Users\islam\Desktop\test2 
[info] i  Writing your new SDK configuration to C:\Users\islam\Desktop\test2\dataconnect\connector/connector.yaml 
[info] i  Skipping write of dataconnect\connector\connector.yaml 
[debug] [2025-04-21T14:18:05.799Z] defaultcredentials: writing to file C:\Users\islam\AppData\Roaming\firebase\kan3an_sy.12_gmail.com_application_default_credentials.json
[debug] [2025-04-21T14:18:05.800Z] Setting GAC to C:\Users\islam\AppData\Roaming\firebase\kan3an_sy.12_gmail.com_application_default_credentials.json {"metadata":{"emulator":{"name":"dataconnect"},"message":"Setting GAC to C:\\Users\\islam\\AppData\\Roaming\\firebase\\kan3an_sy.12_gmail.com_application_default_credentials.json"}}
[info] I0421 16:18:05.833448   14672 generate.go:40] Generated all sources. Writing them to disk...

[info] i  Generated SDK code for default 
[info] +  If you'd like to add more generated SDKs to your app your later, run firebase init dataconnect:sdk again 
[info] i  If you'd like to provision a CloudSQL Postgres instance on the Firebase Data Connect no-cost trial:
1. Please upgrade to the pay-as-you-go (Blaze) billing plan. Visit the following page:
     https://console.firebase.google.com/project/test2-3e34a/usage/details
2. Run firebase init dataconnect again to configure the Cloud SQL instance.
3. Run firebase deploy --only dataconnect to deploy your Data Connect service. 
[info] 
=== Firestore Setup
[debug] [2025-04-21T14:18:05.838Z] Checked if tokens are valid: true, expires at: 1745248480861
[debug] [2025-04-21T14:18:05.838Z] Checked if tokens are valid: true, expires at: 1745248480861
[debug] [2025-04-21T14:18:05.838Z] >>> [apiv2][query] GET https://serviceusage.googleapis.com/v1/projects/test2-3e34a/services/firestore.googleapis.com [none]
[debug] [2025-04-21T14:18:05.838Z] >>> [apiv2][(partial)header] GET https://serviceusage.googleapis.com/v1/projects/test2-3e34a/services/firestore.googleapis.com x-goog-quota-user=projects/test2-3e34a
[debug] [2025-04-21T14:18:06.827Z] <<< [apiv2][status] GET https://serviceusage.googleapis.com/v1/projects/test2-3e34a/services/firestore.googleapis.com 200
[debug] [2025-04-21T14:18:06.827Z] <<< [apiv2][body] GET https://serviceusage.googleapis.com/v1/projects/test2-3e34a/services/firestore.googleapis.com [omitted]
[debug] [2025-04-21T14:18:06.827Z] Checked if tokens are valid: true, expires at: 1745248480861
[debug] [2025-04-21T14:18:06.827Z] Checked if tokens are valid: true, expires at: 1745248480861
[debug] [2025-04-21T14:18:06.827Z] >>> [apiv2][query] GET https://firestore.googleapis.com/v1/projects/test2-3e34a/databases/(default) [none]
[debug] [2025-04-21T14:18:07.788Z] <<< [apiv2][status] GET https://firestore.googleapis.com/v1/projects/test2-3e34a/databases/(default) 200
[debug] [2025-04-21T14:18:07.788Z] <<< [apiv2][body] GET https://firestore.googleapis.com/v1/projects/test2-3e34a/databases/(default) {"name":"projects/test2-3e34a/databases/(default)","uid":"56fcfd57-9dbb-40f9-bcaf-b72c8666cb70","createTime":"2025-04-21T14:16:07.349078Z","updateTime":"2025-04-21T14:16:07.349078Z","locationId":"nam5","type":"FIRESTORE_NATIVE","concurrencyMode":"PESSIMISTIC","versionRetentionPeriod":"3600s","earliestVersionTime":"2025-04-21T14:16:07.349078Z","appEngineIntegrationMode":"DISABLED","keyPrefix":"s","pointInTimeRecoveryEnablement":"POINT_IN_TIME_RECOVERY_DISABLED","deleteProtectionState":"DELETE_PROTECTION_DISABLED","databaseEdition":"STANDARD","freeTier":true,"etag":"IJvf68eo6YwDMMqftqao6YwD"}
[debug] [2025-04-21T14:18:07.788Z] database_type: FIRESTORE_NATIVE
[debug] [2025-04-21T14:18:07.788Z] database_type: FIRESTORE_NATIVE
[debug] [2025-04-21T14:18:07.788Z] > command requires scopes: ["email","openid","https://www.googleapis.com/auth/cloudplatformprojects.readonly","https://www.googleapis.com/auth/firebase","https://www.googleapis.com/auth/cloud-platform"]
[debug] [2025-04-21T14:18:07.788Z] > authorizing via signed-in user (kan3an.sy.12@gmail.com)
[debug] [2025-04-21T14:18:07.788Z] [iam] checking project test2-3e34a for permissions ["firebase.projects.get"]
[debug] [2025-04-21T14:18:07.788Z] Checked if tokens are valid: true, expires at: 1745248480861
[debug] [2025-04-21T14:18:07.788Z] Checked if tokens are valid: true, expires at: 1745248480861
[debug] [2025-04-21T14:18:07.788Z] >>> [apiv2][query] POST https://cloudresourcemanager.googleapis.com/v1/projects/test2-3e34a:testIamPermissions [none]
[debug] [2025-04-21T14:18:07.788Z] >>> [apiv2][(partial)header] POST https://cloudresourcemanager.googleapis.com/v1/projects/test2-3e34a:testIamPermissions x-goog-quota-user=projects/test2-3e34a
[debug] [2025-04-21T14:18:07.789Z] >>> [apiv2][body] POST https://cloudresourcemanager.googleapis.com/v1/projects/test2-3e34a:testIamPermissions {"permissions":["firebase.projects.get"]}
[debug] [2025-04-21T14:18:08.645Z] <<< [apiv2][status] POST https://cloudresourcemanager.googleapis.com/v1/projects/test2-3e34a:testIamPermissions 200
[debug] [2025-04-21T14:18:08.646Z] <<< [apiv2][body] POST https://cloudresourcemanager.googleapis.com/v1/projects/test2-3e34a:testIamPermissions {"permissions":["firebase.projects.get"]}
[info] 
[info] Firestore Security Rules allow you to define how and when to allow
[info] requests. You can keep these rules in your project directory
[info] and publish them with firebase deploy.
[info] 
[debug] [2025-04-21T14:18:15.822Z] Checked if tokens are valid: true, expires at: 1745248480861
[debug] [2025-04-21T14:18:15.822Z] Checked if tokens are valid: true, expires at: 1745248480861
[debug] [2025-04-21T14:18:15.822Z] >>> [apiv2][query] GET https://firebaserules.googleapis.com/v1/projects/test2-3e34a/releases pageSize=10&pageToken=
[debug] [2025-04-21T14:18:16.683Z] <<< [apiv2][status] GET https://firebaserules.googleapis.com/v1/projects/test2-3e34a/releases 200
[debug] [2025-04-21T14:18:16.683Z] <<< [apiv2][body] GET https://firebaserules.googleapis.com/v1/projects/test2-3e34a/releases {"releases":[{"name":"projects/test2-3e34a/releases/cloud.firestore","rulesetName":"projects/test2-3e34a/rulesets/b23abf36-89c5-41c5-bb30-fdff119b3d9e","createTime":"2025-04-21T14:16:10.457309Z","updateTime":"2025-04-21T14:16:10.457309Z"}]}
[debug] [2025-04-21T14:18:16.684Z] Found ruleset: projects/test2-3e34a/rulesets/b23abf36-89c5-41c5-bb30-fdff119b3d9e
[debug] [2025-04-21T14:18:16.684Z] Checked if tokens are valid: true, expires at: 1745248480861
[debug] [2025-04-21T14:18:16.684Z] Checked if tokens are valid: true, expires at: 1745248480861
[debug] [2025-04-21T14:18:16.684Z] >>> [apiv2][query] GET https://firebaserules.googleapis.com/v1/projects/test2-3e34a/rulesets/b23abf36-89c5-41c5-bb30-fdff119b3d9e [none]
[debug] [2025-04-21T14:18:17.364Z] <<< [apiv2][status] GET https://firebaserules.googleapis.com/v1/projects/test2-3e34a/rulesets/b23abf36-89c5-41c5-bb30-fdff119b3d9e 200
[debug] [2025-04-21T14:18:17.364Z] <<< [apiv2][body] GET https://firebaserules.googleapis.com/v1/projects/test2-3e34a/rulesets/b23abf36-89c5-41c5-bb30-fdff119b3d9e [omitted]
[info] 
[info] Firestore indexes allow you to perform complex queries while
[info] maintaining performance that scales with the size of the result
[info] set. You can keep index definitions in your project directory
[info] and publish them with firebase deploy.
[info] 
[debug] [2025-04-21T14:18:21.172Z] Checked if tokens are valid: true, expires at: 1745248480861
[debug] [2025-04-21T14:18:21.172Z] Checked if tokens are valid: true, expires at: 1745248480861
[debug] [2025-04-21T14:18:21.173Z] Checked if tokens are valid: true, expires at: 1745248480861
[debug] [2025-04-21T14:18:21.173Z] Checked if tokens are valid: true, expires at: 1745248480861
[debug] [2025-04-21T14:18:21.174Z] >>> [apiv2][query] GET https://firestore.googleapis.com/v1/projects/test2-3e34a/databases/(default)/collectionGroups/-/indexes [none]
[debug] [2025-04-21T14:18:21.180Z] >>> [apiv2][query] GET https://firestore.googleapis.com/v1/projects/test2-3e34a/databases/(default)/collectionGroups/-/fields?filter=indexConfig.usesAncestorConfig=false OR ttlConfig:* [none]
[debug] [2025-04-21T14:18:22.074Z] <<< [apiv2][status] GET https://firestore.googleapis.com/v1/projects/test2-3e34a/databases/(default)/collectionGroups/-/indexes 200
[debug] [2025-04-21T14:18:22.074Z] <<< [apiv2][body] GET https://firestore.googleapis.com/v1/projects/test2-3e34a/databases/(default)/collectionGroups/-/indexes {}
[debug] [2025-04-21T14:18:22.079Z] <<< [apiv2][status] GET https://firestore.googleapis.com/v1/projects/test2-3e34a/databases/(default)/collectionGroups/-/fields?filter=indexConfig.usesAncestorConfig=false OR ttlConfig:* 200
[debug] [2025-04-21T14:18:22.079Z] <<< [apiv2][body] GET https://firestore.googleapis.com/v1/projects/test2-3e34a/databases/(default)/collectionGroups/-/fields?filter=indexConfig.usesAncestorConfig=false OR ttlConfig:* {"fields":[{"name":"projects/test2-3e34a/databases/(default)/collectionGroups/__default__/fields/*","indexConfig":{"indexes":[{"queryScope":"COLLECTION","fields":[{"fieldPath":"*","order":"ASCENDING"}],"state":"READY"},{"queryScope":"COLLECTION","fields":[{"fieldPath":"*","order":"DESCENDING"}],"state":"READY"},{"queryScope":"COLLECTION","fields":[{"fieldPath":"*","arrayConfig":"CONTAINS"}],"state":"READY"}]}}]}
[info] 
=== Hosting Setup
[debug] [2025-04-21T14:18:22.081Z] Checked if tokens are valid: true, expires at: 1745248480861
[debug] [2025-04-21T14:18:22.081Z] Checked if tokens are valid: true, expires at: 1745248480861
[debug] [2025-04-21T14:18:22.081Z] >>> [apiv2][query] GET https://firebase.googleapis.com/v1beta1/projects/test2-3e34a [none]
[debug] [2025-04-21T14:18:22.447Z] <<< [apiv2][status] GET https://firebase.googleapis.com/v1beta1/projects/test2-3e34a 200
[debug] [2025-04-21T14:18:22.447Z] <<< [apiv2][body] GET https://firebase.googleapis.com/v1beta1/projects/test2-3e34a {"projectId":"test2-3e34a","projectNumber":"378308919440","displayName":"test2","name":"projects/test2-3e34a","resources":{"hostingSite":"test2-3e34a"},"state":"ACTIVE","etag":"1_f596359b-8f57-4cb1-a3df-15c9e01a79be"}
[info] 
[info] Your public directory is the folder (relative to your project directory) that
[info] will contain Hosting assets to be uploaded with firebase deploy. If you
[info] have a build process for your assets, use your build's output directory.
[info] 
[debug] [2025-04-21T14:18:36.323Z] >>> [apiv2][query] GET https://www.gstatic.com/firebasejs/releases.json [none]
[debug] [2025-04-21T14:18:36.513Z] <<< [apiv2][status] GET https://www.gstatic.com/firebasejs/releases.json 200
[debug] [2025-04-21T14:18:36.514Z] <<< [apiv2][body] GET https://www.gstatic.com/firebasejs/releases.json {"current":{"version":"11.6.0","browserURL":"https://www.gstatic.com/firebasejs/11.6.0/firebase.js","packageURL":"https://www.gstatic.com/firebasejs/11.6.0/firebase.tgz"},"live":{"version":"11.6","browserURL":"https://www.gstatic.com/firebasejs/live/11.6/firebase.js","packageURL":"https://www.gstatic.com/firebasejs/live/11.6/firebase.tgz"},"components":{"analytics":"https://www.gstatic.com/firebasejs/11.6.0/firebase-analytics.js","app":"https://www.gstatic.com/firebasejs/11.6.0/firebase-app.js","app-check":"https://www.gstatic.com/firebasejs/11.6.0/firebase-app-check.js","auth":"https://www.gstatic.com/firebasejs/11.6.0/firebase-auth.js","auth/cordova":"https://www.gstatic.com/firebasejs/11.6.0/firebase-auth/cordova.js","auth/web-extension":"https://www.gstatic.com/firebasejs/11.6.0/firebase-auth/web-extension.js","functions":"https://www.gstatic.com/firebasejs/11.6.0/firebase-functions.js","firestore":"https://www.gstatic.com/firebasejs/11.6.0/firebase-firestore.js","firestore/lite":"https://www.gstatic.com/firebasejs/11.6.0/firebase-firestore/lite.js","installations":"https://www.gstatic.com/firebasejs/11.6.0/firebase-installations.js","storage":"https://www.gstatic.com/firebasejs/11.6.0/firebase-storage.js","performance":"https://www.gstatic.com/firebasejs/11.6.0/firebase-performance.js","remote-config":"https://www.gstatic.com/firebasejs/11.6.0/firebase-remote-config.js","messaging":"https://www.gstatic.com/firebasejs/11.6.0/firebase-messaging.js","messaging/sw":"https://www.gstatic.com/firebasejs/11.6.0/firebase-messaging/sw.js","database":"https://www.gstatic.com/firebasejs/11.6.0/firebase-database.js","vertexai":"https://www.gstatic.com/firebasejs/11.6.0/firebase-vertexai.js","data-connect":"https://www.gstatic.com/firebasejs/11.6.0/firebase-data-connect.js","firestore.memory":"https://www.gstatic.com/firebasejs/11.6.0/firebase-firestore.memory.js"}}
[info] +  Wrote public/index.html 
[info] 
[info] i  Didn't detect a .git folder. Assuming C:\Users\islam\Desktop\test2 is the project root. 
[info] i  Authorizing with GitHub to upload your service account to a GitHub repository's secrets store. 
[info] 
[info] Visit this URL on this device to log in:
[info] https://github.com/login/oauth/authorize?client_id=89cf50f02ac6aaed3484&state=571088615&redirect_uri=http%3A%2F%2Flocalhost%3A9005&scope=read%3Auser%20repo%20public_repo
[info] 
[info] Waiting for authentication...
[debug] [2025-04-21T14:19:08.465Z] >>> [apiv2][query] POST https://github.com/login/oauth/access_token [none]
[debug] [2025-04-21T14:19:08.465Z] >>> [apiv2][body] POST https://github.com/login/oauth/access_token [stream]
[debug] [2025-04-21T14:19:09.128Z] <<< [apiv2][status] POST https://github.com/login/oauth/access_token 200
[debug] [2025-04-21T14:19:09.128Z] <<< [apiv2][body] POST https://github.com/login/oauth/access_token {"access_token":"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","token_type":"bearer","scope":"read:user,repo"}
[debug] [2025-04-21T14:19:09.131Z] >>> [apiv2][query] GET https://api.github.com/user [none]
[debug] [2025-04-21T14:19:09.558Z] <<< [apiv2][status] GET https://api.github.com/user 200
[debug] [2025-04-21T14:19:09.558Z] <<< [apiv2][body] GET https://api.github.com/user {"login":"Mohammad-kanaan-alsharbaje","id":98219110,"node_id":"U_kgDOBdq0Zg","avatar_url":"https://avatars.githubusercontent.com/u/98219110?v=4","gravatar_id":"","url":"https://api.github.com/users/Mohammad-kanaan-alsharbaje","html_url":"https://github.com/Mohammad-kanaan-alsharbaje","followers_url":"https://api.github.com/users/Mohammad-kanaan-alsharbaje/followers","following_url":"https://api.github.com/users/Mohammad-kanaan-alsharbaje/following{/other_user}","gists_url":"https://api.github.com/users/Mohammad-kanaan-alsharbaje/gists{/gist_id}","starred_url":"https://api.github.com/users/Mohammad-kanaan-alsharbaje/starred{/owner}{/repo}","subscriptions_url":"https://api.github.com/users/Mohammad-kanaan-alsharbaje/subscriptions","organizations_url":"https://api.github.com/users/Mohammad-kanaan-alsharbaje/orgs","repos_url":"https://api.github.com/users/Mohammad-kanaan-alsharbaje/repos","events_url":"https://api.github.com/users/Mohammad-kanaan-alsharbaje/events{/privacy}","received_events_url":"https://api.github.com/users/Mohammad-kanaan-alsharbaje/received_events","type":"User","user_view_type":"private","site_admin":false,"name":null,"company":null,"blog":"","location":null,"email":null,"hireable":null,"bio":null,"twitter_username":null,"notification_email":null,"public_repos":10,"public_gists":1,"followers":1,"following":1,"created_at":"2022-01-22T13:14:42Z","updated_at":"2023-11-08T10:13:34Z","private_gists":0,"total_private_repos":0,"owned_private_repos":0,"disk_usage":4493,"collaborators":0,"two_factor_authentication":false,"plan":{"name":"free","space":976562499,"collaborators":0,"private_repos":10000}}
[info] 
[info] +  Success! Logged into GitHub as Mohammad-kanaan-alsharbaje 
[info] 
[debug] [2025-04-21T14:19:17.392Z] >>> [apiv2][query] GET https://api.github.com/repos//actions/secrets/public-key type=owner
[debug] [2025-04-21T14:19:17.956Z] <<< [apiv2][status] GET https://api.github.com/repos//actions/secrets/public-key 404
[debug] [2025-04-21T14:19:17.956Z] <<< [apiv2][body] GET https://api.github.com/repos//actions/secrets/public-key {"message":"Not Found","documentation_url":"https://docs.github.com/rest","status":"404"}
[info] 
[info] 
[error] !  The provided authorization cannot be used with this repository. If this repository is in an organization, did you remember to grant access? 
[info] 
[info] i  Action required: Visit this URL to ensure access has been granted to the appropriate organization(s) for the Firebase CLI GitHub OAuth App: 
[info] https://github.com/settings/connections/applications/89cf50f02ac6aaed3484
[info] 
[debug] [2025-04-21T14:19:19.663Z] >>> [apiv2][query] GET https://api.github.com/repos//actions/secrets/public-key type=owner
[debug] [2025-04-21T14:19:19.909Z] <<< [apiv2][status] GET https://api.github.com/repos//actions/secrets/public-key 404
[debug] [2025-04-21T14:19:19.909Z] <<< [apiv2][body] GET https://api.github.com/repos//actions/secrets/public-key {"message":"Not Found","documentation_url":"https://docs.github.com/rest","status":"404"}
[info] 
[info] 
[error] !  The provided authorization cannot be used with this repository. If this repository is in an organization, did you remember to grant access? 
[info] 
[info] i  Action required: Visit this URL to ensure access has been granted to the appropriate organization(s) for the Firebase CLI GitHub OAuth App: 
[info] https://github.com/settings/connections/applications/89cf50f02ac6aaed3484
[info] 
[debug] [2025-04-21T14:19:29.295Z] >>> [apiv2][query] GET https://api.github.com/repos/user/actions/secrets/public-key type=owner
[debug] [2025-04-21T14:19:29.662Z] <<< [apiv2][status] GET https://api.github.com/repos/user/actions/secrets/public-key 404
[debug] [2025-04-21T14:19:29.662Z] <<< [apiv2][body] GET https://api.github.com/repos/user/actions/secrets/public-key {"message":"Not Found","documentation_url":"https://docs.github.com/rest","status":"404"}
[info] 
[info] 
[error] !  The provided authorization cannot be used with this repository. If this repository is in an organization, did you remember to grant access? 
[info] 
[info] i  Action required: Visit this URL to ensure access has been granted to the appropriate organization(s) for the Firebase CLI GitHub OAuth App: 
[info] https://github.com/settings/connections/applications/89cf50f02ac6aaed3484
[info] 
[debug] [2025-04-21T14:19:48.805Z] >>> [apiv2][query] GET https://api.github.com/repos/user/actions/secrets/public-key type=owner
[debug] [2025-04-21T14:19:49.407Z] <<< [apiv2][status] GET https://api.github.com/repos/user/actions/secrets/public-key 404
[debug] [2025-04-21T14:19:49.408Z] <<< [apiv2][body] GET https://api.github.com/repos/user/actions/secrets/public-key {"message":"Not Found","documentation_url":"https://docs.github.com/rest","status":"404"}
[info] 
[info] 
[error] !  The provided authorization cannot be used with this repository. If this repository is in an organization, did you remember to grant access? 
[info] 
[info] i  Action required: Visit this URL to ensure access has been granted to the appropriate organization(s) for the Firebase CLI GitHub OAuth App: 
[info] https://github.com/settings/connections/applications/89cf50f02ac6aaed3484
[info] 
[debug] [2025-04-21T14:20:51.650Z] >>> [apiv2][query] GET https://api.github.com/repos/user/repository/actions/secrets/public-key type=owner
[debug] [2025-04-21T14:20:51.987Z] <<< [apiv2][status] GET https://api.github.com/repos/user/repository/actions/secrets/public-key 404
[debug] [2025-04-21T14:20:51.987Z] <<< [apiv2][body] GET https://api.github.com/repos/user/repository/actions/secrets/public-key {"message":"Not Found","documentation_url":"https://docs.github.com/rest/actions/secrets#get-a-repository-public-key","status":"404"}
[info] 
[info] 
[error] !  The provided authorization cannot be used with this repository. If this repository is in an organization, did you remember to grant access? 
[info] 
[info] i  Action required: Visit this URL to ensure access has been granted to the appropriate organization(s) for the Firebase CLI GitHub OAuth App: 
[info] https://github.com/settings/connections/applications/89cf50f02ac6aaed3484
[info] 
[debug] [2025-04-21T14:24:34.108Z] >>> [apiv2][query] GET https://api.github.com/repos/Mohammad-kanaan-alsharbaje/actions/secrets/public-key type=owner
[debug] [2025-04-21T14:24:34.471Z] <<< [apiv2][status] GET https://api.github.com/repos/Mohammad-kanaan-alsharbaje/actions/secrets/public-key 404
[debug] [2025-04-21T14:24:34.471Z] <<< [apiv2][body] GET https://api.github.com/repos/Mohammad-kanaan-alsharbaje/actions/secrets/public-key {"message":"Not Found","documentation_url":"https://docs.github.com/rest","status":"404"}
[info] 
[info] 
[error] !  The provided authorization cannot be used with this repository. If this repository is in an organization, did you remember to grant access? 
[info] 
[info] i  Action required: Visit this URL to ensure access has been granted to the appropriate organization(s) for the Firebase CLI GitHub OAuth App: 
[info] https://github.com/settings/connections/applications/89cf50f02ac6aaed3484
[info] 
